<?xml version="1.0" encoding="UTF-8"?>
<!-- Generated by org.testng.reporters.JUnitReportReporter -->
<testsuite skipped="0" hostname="sony-VAIO" name="page.classes.TestNG" tests="1" failures="0" timestamp="23 Apr 2018 18:27:42 GMT" time="13.423" errors="0">
  <testcase name="clickSocial" time="13.423" classname="page.classes.TestNG"/>
</testsuite> <!-- page.classes.TestNG -->
