<?xml version="1.0" encoding="UTF-8"?>
<!-- Generated by org.testng.reporters.JUnitReportReporter -->
<testsuite skipped="0" hostname="NOICLT295" name="page.classes.TestNG" tests="1" failures="0" timestamp="23 Apr 2018 09:30:28 GMT" time="4.993" errors="0">
  <testcase name="clickSocial" time="4.993" classname="page.classes.TestNG"/>
</testsuite> <!-- page.classes.TestNG -->
