<?xml version="1.0" encoding="UTF-8"?>
<!-- Generated by org.testng.reporters.JUnitReportReporter -->
<testsuite skipped="0" hostname="NOICLT295" name="page.classes.TestNG" tests="1" failures="0" timestamp="08 May 2018 09:59:20 GMT" time="27.501" errors="0">
  <testcase name="clickSocial" time="27.501" classname="page.classes.TestNG"/>
</testsuite> <!-- page.classes.TestNG -->
